# JRE version: 7.0_04-b22
# Java VM: Java HotSpot(TM) Client VM (23.0-b21 mixed mode windows-x86 )
Heap
 def new generation   total 77376K, used 65360K [0x10050000, 0x15440000, 0x18050000)
  eden space 68800K,  90% used [0x10050000, 0x13cfda68, 0x14380000)
  from space 8576K,  37% used [0x14380000, 0x146a6878, 0x14be0000)
  to   space 8576K,   0% used [0x14be0000, 0x14be0000, 0x15440000)
 tenured generation   total 171828K, used 168270K [0x18050000, 0x2281d000, 0x28050000)
   the space 171828K,  97% used [0x18050000, 0x224a3b00, 0x224a3c00, 0x2281d000)
 compacting perm gen  total 41728K, used 41701K [0x28050000, 0x2a910000, 0x38050000)
   the space 41728K,  99% used [0x28050000, 0x2a909488, 0x2a909600, 0x2a910000)
GC Heap History (10 events):
Event: 26064.449 GC heap before
{Heap before GC invocations=448 (full 5):
 def new generation   total 77376K, used 71444K [0x10050000, 0x15440000, 0x18050000)
  eden space 68800K, 100% used [0x10050000, 0x14380000, 0x14380000)
  from space 8576K,  30% used [0x14be0000, 0x14e753b8, 0x15440000)
  to   space 8576K,   0% used [0x14380000, 0x14380000, 0x14be0000)
 tenured generation   total 171828K, used 168198K [0x18050000, 0x2281d000, 0x28050000)
   the space 171828K,  97% used [0x18050000, 0x22491858, 0x22491a00, 0x2281d000)
 compacting perm gen  total 41728K, used 41701K [0x28050000, 0x2a910000, 0x38050000)
   the space 41728K,  99% used [0x28050000, 0x2a909438, 0x2a909600, 0x2a910000)
No shared spaces configured.
Event: 26064.482 GC heap after
Heap after GC invocations=449 (full 5):
 def new generation   total 77376K, used 3076K [0x10050000, 0x15440000, 0x18050000)
  eden space 68800K,   0% used [0x10050000, 0x10050000, 0x14380000)
  from space 8576K,  35% used [0x14380000, 0x14681238, 0x14be0000)
  to   space 8576K,   0% used [0x14be0000, 0x14be0000, 0x15440000)
 tenured generation   total 171828K, used 168203K [0x18050000, 0x2281d000, 0x28050000)
   the space 171828K,  97% used [0x18050000, 0x22492d38, 0x22492e00, 0x2281d000)
 compacting perm gen  total 41728K, used 41701K [0x28050000, 0x2a910000, 0x38050000)
   the space 41728K,  99% used [0x28050000, 0x2a909438, 0x2a909600, 0x2a910000)
No shared spaces configured.
}
Event: 26146.868 GC heap before
{Heap before GC invocations=449 (full 5):
 def new generation   total 77376K, used 71876K [0x10050000, 0x15440000, 0x18050000)
  eden space 68800K, 100% used [0x10050000, 0x14380000, 0x14380000)
  from space 8576K,  35% used [0x14380000, 0x14681238, 0x14be0000)
  to   space 8576K,   0% used [0x14be0000, 0x14be0000, 0x15440000)
 tenured generation   total 171828K, used 168203K [0x18050000, 0x2281d000, 0x28050000)
   the space 171828K,  97% used [0x18050000, 0x22492d38, 0x22492e00, 0x2281d000)
 compacting perm gen  total 41728K, used 41701K [0x28050000, 0x2a910000, 0x38050000)
   the space 41728K,  99% used [0x28050000, 0x2a909438, 0x2a909600, 0x2a910000)
No shared spaces configured.
Event: 26146.883 GC heap after
Heap after GC invocations=450 (full 5):
 def new generation   total 77376K, used 2884K [0x10050000, 0x15440000, 0x18050000)
  eden space 68800K,   0% used [0x10050000, 0x10050000, 0x14380000)
  from space 8576K,  33% used [0x14be0000, 0x14eb11d8, 0x15440000)
  to   space 8576K,   0% used [0x14380000, 0x14380000, 0x14be0000)
 tenured generation   total 171828K, used 168214K [0x18050000, 0x2281d000, 0x28050000)
   the space 171828K,  97% used [0x18050000, 0x224959c8, 0x22495a00, 0x2281d000)
 compacting perm gen  total 41728K, used 41701K [0x28050000, 0x2a910000, 0x38050000)
   the space 41728K,  99% used [0x28050000, 0x2a909438, 0x2a909600, 0x2a910000)
No shared spaces configured.
}
Event: 26161.928 GC heap before
{Heap before GC invocations=450 (full 5):
 def new generation   total 77376K, used 71684K [0x10050000, 0x15440000, 0x18050000)
  eden space 68800K, 100% used [0x10050000, 0x14380000, 0x14380000)
  from space 8576K,  33% used [0x14be0000, 0x14eb11d8, 0x15440000)
  to   space 8576K,   0% used [0x14380000, 0x14380000, 0x14be0000)
 tenured generation   total 171828K, used 168214K [0x18050000, 0x2281d000, 0x28050000)
   the space 171828K,  97% used [0x18050000, 0x224959c8, 0x22495a00, 0x2281d000)
 compacting perm gen  total 41728K, used 41701K [0x28050000, 0x2a910000, 0x38050000)
   the space 41728K,  99% used [0x28050000, 0x2a909448, 0x2a909600, 0x2a910000)
No shared spaces configured.
Event: 26161.963 GC heap after
Heap after GC invocations=451 (full 5):
 def new generation   total 77376K, used 2578K [0x10050000, 0x15440000, 0x18050000)
  eden space 68800K,   0% used [0x10050000, 0x10050000, 0x14380000)
  from space 8576K,  30% used [0x14380000, 0x14604ac0, 0x14be0000)
  to   space 8576K,   0% used [0x14be0000, 0x14be0000, 0x15440000)
 tenured generation   total 171828K, used 168252K [0x18050000, 0x2281d000, 0x28050000)
   the space 171828K,  97% used [0x18050000, 0x2249f210, 0x2249f400, 0x2281d000)
 compacting perm gen  total 41728K, used 41701K [0x28050000, 0x2a910000, 0x38050000)
   the space 41728K,  99% used [0x28050000, 0x2a909448, 0x2a909600, 0x2a910000)
No shared spaces configured.
}
Event: 26189.436 GC heap before
{Heap before GC invocations=451 (full 5):
 def new generation   total 77376K, used 71378K [0x10050000, 0x15440000, 0x18050000)
  eden space 68800K, 100% used [0x10050000, 0x14380000, 0x14380000)
  from space 8576K,  30% used [0x14380000, 0x14604ac0, 0x14be0000)
  to   space 8576K,   0% used [0x14be0000, 0x14be0000, 0x15440000)
 tenured generation   total 171828K, used 168252K [0x18050000, 0x2281d000, 0x28050000)
   the space 171828K,  97% used [0x18050000, 0x2249f210, 0x2249f400, 0x2281d000)
 compacting perm gen  total 41728K, used 41701K [0x28050000, 0x2a910000, 0x38050000)
   the space 41728K,  99% used [0x28050000, 0x2a909448, 0x2a909600, 0x2a910000)
No shared spaces configured.
Event: 26189.452 GC heap after
Heap after GC invocations=452 (full 5):
 def new generation   total 77376K, used 2951K [0x10050000, 0x15440000, 0x18050000)
  eden space 68800K,   0% used [0x10050000, 0x10050000, 0x14380000)
  from space 8576K,  34% used [0x14be0000, 0x14ec1e10, 0x15440000)
  to   space 8576K,   0% used [0x14380000, 0x14380000, 0x14be0000)
 tenured generation   total 171828K, used 168261K [0x18050000, 0x2281d000, 0x28050000)
   the space 171828K,  97% used [0x18050000, 0x224a1470, 0x224a1600, 0x2281d000)
 compacting perm gen  total 41728K, used 41701K [0x28050000, 0x2a910000, 0x38050000)
   the space 41728K,  99% used [0x28050000, 0x2a909448, 0x2a909600, 0x2a910000)
No shared spaces configured.
}
Event: 26205.982 GC heap before
{Heap before GC invocations=452 (full 5):
 def new generation   total 77376K, used 71751K [0x10050000, 0x15440000, 0x18050000)
  eden space 68800K, 100% used [0x10050000, 0x14380000, 0x14380000)
  from space 8576K,  34% used [0x14be0000, 0x14ec1e10, 0x15440000)
  to   space 8576K,   0% used [0x14380000, 0x14380000, 0x14be0000)
 tenured generation   total 171828K, used 168261K [0x18050000, 0x2281d000, 0x28050000)
   the space 171828K,  97% used [0x18050000, 0x224a1470, 0x224a1600, 0x2281d000)
 compacting perm gen  total 41728K, used 41701K [0x28050000, 0x2a910000, 0x38050000)
   the space 41728K,  99% used [0x28050000, 0x2a909488, 0x2a909600, 0x2a910000)
No shared spaces configured.
Event: 26206.004 GC heap after
Heap after GC invocations=453 (full 5):
 def new generation   total 77376K, used 3226K [0x10050000, 0x15440000, 0x18050000)
  eden space 68800K,   0% used [0x10050000, 0x10050000, 0x14380000)
  from space 8576K,  37% used [0x14380000, 0x146a6878, 0x14be0000)
  to   space 8576K,   0% used [0x14be0000, 0x14be0000, 0x15440000)
 tenured generation   total 171828K, used 168270K [0x18050000, 0x2281d000, 0x28050000)
   the space 171828K,  97% used [0x18050000, 0x224a3b00, 0x224a3c00, 0x2281d000)
 compacting perm gen  total 41728K, used 41701K [0x28050000, 0x2a910000, 0x38050000)
   the space 41728K,  99% used [0x28050000, 0x2a909488, 0x2a909600, 0x2a910000)
No shared spaces configured.
}

